
2019-11-18 21:22:01 DEBUG    Model Run at datetime
2019-11-18 21:22:03 DEBUG    Projects source data imported
2019-11-18 21:22:03 INFO     378661 projects imported with 15 columns
2019-11-18 21:22:04 DEBUG    Data-Preprocessed
2019-11-18 21:22:25 DEBUG    Feature Engineering Completed
2019-11-18 21:22:32 DEBUG    Data prepared for model implementation
2019-11-18 21:22:54 INFO     378661 projects imported with 15 columns
2019-11-18 21:32:40 DEBUG    Model Run at datetime
2019-11-18 21:34:42 DEBUG    Model Run at datetime
2019-11-18 21:34:44 DEBUG    Projects source data imported
2019-11-18 21:34:44 INFO     378661 projects imported with 15 columns
2019-11-18 21:34:46 DEBUG    Data-Preprocessed
2019-11-18 21:35:07 DEBUG    Feature Engineering Completed
2019-11-18 21:35:14 DEBUG    Data prepared for model implementation
2019-11-18 21:35:36 INFO     378661 projects imported with 15 columns
2019-11-18 21:42:08 DEBUG    Model Run at datetime
2019-11-18 21:43:01 DEBUG    Model Run at datetime
2019-11-18 21:43:23 DEBUG    Model Run at datetime
2019-11-18 21:43:25 DEBUG    Projects source data imported
2019-11-18 21:43:25 INFO     378661 projects imported with 15 columns
2019-11-18 21:43:26 DEBUG    Data-Preprocessed
2019-11-18 21:43:47 DEBUG    Feature Engineering Completed
2019-11-18 21:43:54 DEBUG    Data prepared for model implementation
2019-11-18 21:43:54 INFO     378661 projects imported with 15 columns
2019-11-18 21:49:43 DEBUG    Model Run at datetime
2019-11-18 21:49:45 DEBUG    Projects source data imported
2019-11-18 21:49:45 INFO     378661 projects imported with 15 columns
2019-11-18 21:49:46 DEBUG    Data-Preprocessed
2019-11-18 21:50:08 DEBUG    Feature Engineering Completed
2019-11-18 21:50:15 DEBUG    Data prepared for model implementation
2019-11-18 21:50:15 INFO     378661 projects imported with 15 columns
2019-11-18 21:53:51 DEBUG    Model Run at datetime
2019-11-18 21:54:02 DEBUG    Model Run at datetime
2019-11-18 21:54:04 DEBUG    Projects source data imported
2019-11-18 21:54:04 INFO     378661 projects imported with 15 columns
2019-11-18 21:54:06 DEBUG    Data-Preprocessed
2019-11-18 21:54:27 DEBUG    Feature Engineering Completed
2019-11-18 21:54:34 DEBUG    Data prepared for model implementation
2019-11-18 21:54:34 INFO     378661 projects imported with 15 columns
